C51 COMPILER V9.60.0.0   INITDEVICE                                                        11/17/2021 22:31:15 PAGE 1   


C51 COMPILER V9.60.0.0, COMPILATION OF MODULE INITDEVICE
OBJECT MODULE PLACED IN .\src\InitDevice.OBJ
COMPILER INVOKED BY: c:\SiliconLabs\SimplicityStudio\v4\developer\toolchains\keil_8051\9.60\BIN\C51.exe C:\Users\merge\S
                    -implicityStudio\v4_workspace\uart_trial\src\InitDevice.c OMF2 SMALL DEBUG OBJECTEXTEND ROM(LARGE) WARNINGLEVEL(2) FLOATF
                    -UZZY(3) OPTIMIZE(8,SPEED) INTVECTOR(0X0000) INTPROMOTE INCDIR(C:\Users\merge\SimplicityStudio\v4_workspace\uart_trial\in
                    -c;C:/SiliconLabs/SimplicityStudio/v4/developer/sdks/8051/v4.1.7//Device/shared/si8051Base;C:/SiliconLabs/SimplicityStudi
                    -o/v4/developer/sdks/8051/v4.1.7//Device/EFM8BB3/inc) PRINT(.\src\InitDevice.lst) COND PAGEWIDTH(120) PAGELENGTH(65) OBJE
                    -CT(.\src\InitDevice.OBJ)

line level    source

   1          //=========================================================
   2          // src/InitDevice.c: generated by Hardware Configurator
   3          //
   4          // This file will be regenerated when saving a document.
   5          // leave the sections inside the "$[...]" comment tags alone
   6          // or they will be overwritten!!
   7          //=========================================================
   8          
   9          // USER INCLUDES
  10          #include <SI_EFM8BB3_Register_Enums.h>
  11          #include "InitDevice.h"
  12          
  13          // USER PROTOTYPES
  14          // USER FUNCTIONS
  15          
  16          // $[Library Includes]
  17          // [Library Includes]$
  18          
  19          //==============================================================================
  20          // enter_DefaultMode_from_RESET
  21          //==============================================================================
  22          extern void enter_DefaultMode_from_RESET(void) {
  23   1              // $[Config Calls]
  24   1              // Save the SFRPAGE
  25   1              uint8_t SFRPAGE_save = SFRPAGE;
  26   1              PORTS_0_enter_DefaultMode_from_RESET();
  27   1              PORTS_1_enter_DefaultMode_from_RESET();
  28   1              PORTS_2_enter_DefaultMode_from_RESET();
  29   1              PORTS_3_enter_DefaultMode_from_RESET();
  30   1              PBCFG_0_enter_DefaultMode_from_RESET();
  31   1              UARTE_1_enter_DefaultMode_from_RESET();
  32   1              // Restore the SFRPAGE
  33   1              SFRPAGE = SFRPAGE_save;
  34   1              // [Config Calls]$
  35   1      
  36   1      }
  37          
  38          //================================================================================
  39          // PORTS_0_enter_DefaultMode_from_RESET
  40          //================================================================================
  41          extern void PORTS_0_enter_DefaultMode_from_RESET(void) {
  42   1              // $[P0 - Port 0 Pin Latch]
  43   1              // [P0 - Port 0 Pin Latch]$
  44   1      
  45   1              // $[P0MDOUT - Port 0 Output Mode]
  46   1              // [P0MDOUT - Port 0 Output Mode]$
  47   1      
  48   1              // $[P0MDIN - Port 0 Input Mode]
  49   1              // [P0MDIN - Port 0 Input Mode]$
  50   1      
  51   1              // $[P0SKIP - Port 0 Skip]
C51 COMPILER V9.60.0.0   INITDEVICE                                                        11/17/2021 22:31:15 PAGE 2   

  52   1              /***********************************************************************
  53   1               - P0.0 pin is skipped by the crossbar
  54   1               - P0.1 pin is skipped by the crossbar
  55   1               - P0.2 pin is skipped by the crossbar
  56   1               - P0.3 pin is skipped by the crossbar
  57   1               - P0.4 pin is skipped by the crossbar
  58   1               - P0.5 pin is skipped by the crossbar
  59   1               - P0.6 pin is skipped by the crossbar
  60   1               - P0.7 pin is skipped by the crossbar
  61   1               ***********************************************************************/
  62   1              SFRPAGE = 0x00;
  63   1              P0SKIP = P0SKIP_B0__SKIPPED | P0SKIP_B1__SKIPPED | P0SKIP_B2__SKIPPED
  64   1                              | P0SKIP_B3__SKIPPED | P0SKIP_B4__SKIPPED | P0SKIP_B5__SKIPPED
  65   1                              | P0SKIP_B6__SKIPPED | P0SKIP_B7__SKIPPED;
  66   1              // [P0SKIP - Port 0 Skip]$
  67   1      
  68   1              // $[P0MASK - Port 0 Mask]
  69   1              // [P0MASK - Port 0 Mask]$
  70   1      
  71   1              // $[P0MAT - Port 0 Match]
  72   1              // [P0MAT - Port 0 Match]$
  73   1      
  74   1      }
  75          
  76          //================================================================================
  77          // PORTS_1_enter_DefaultMode_from_RESET
  78          //================================================================================
  79          extern void PORTS_1_enter_DefaultMode_from_RESET(void) {
  80   1              // $[P1 - Port 1 Pin Latch]
  81   1              // [P1 - Port 1 Pin Latch]$
  82   1      
  83   1              // $[P1MDOUT - Port 1 Output Mode]
  84   1              // [P1MDOUT - Port 1 Output Mode]$
  85   1      
  86   1              // $[P1MDIN - Port 1 Input Mode]
  87   1              // [P1MDIN - Port 1 Input Mode]$
  88   1      
  89   1              // $[P1SKIP - Port 1 Skip]
  90   1              /***********************************************************************
  91   1               - P1.0 pin is skipped by the crossbar
  92   1               - P1.1 pin is skipped by the crossbar
  93   1               - P1.2 pin is skipped by the crossbar
  94   1               - P1.3 pin is skipped by the crossbar
  95   1               - P1.4 pin is skipped by the crossbar
  96   1               - P1.5 pin is skipped by the crossbar
  97   1               - P1.6 pin is skipped by the crossbar
  98   1               - P1.7 pin is skipped by the crossbar
  99   1               ***********************************************************************/
 100   1              P1SKIP = P1SKIP_B0__SKIPPED | P1SKIP_B1__SKIPPED | P1SKIP_B2__SKIPPED
 101   1                              | P1SKIP_B3__SKIPPED | P1SKIP_B4__SKIPPED | P1SKIP_B5__SKIPPED
 102   1                              | P1SKIP_B6__SKIPPED | P1SKIP_B7__SKIPPED;
 103   1              // [P1SKIP - Port 1 Skip]$
 104   1      
 105   1              // $[P1MASK - Port 1 Mask]
 106   1              // [P1MASK - Port 1 Mask]$
 107   1      
 108   1              // $[P1MAT - Port 1 Match]
 109   1              // [P1MAT - Port 1 Match]$
 110   1      
 111   1      }
 112          
 113          //================================================================================
 114          // PORTS_2_enter_DefaultMode_from_RESET
C51 COMPILER V9.60.0.0   INITDEVICE                                                        11/17/2021 22:31:15 PAGE 3   

 115          //================================================================================
 116          extern void PORTS_2_enter_DefaultMode_from_RESET(void) {
 117   1              // $[P2 - Port 2 Pin Latch]
 118   1              // [P2 - Port 2 Pin Latch]$
 119   1      
 120   1              // $[P2MDOUT - Port 2 Output Mode]
 121   1              /***********************************************************************
 122   1               - P2.0 output is push-pull
 123   1               - P2.1 output is open-drain
 124   1               - P2.2 output is open-drain
 125   1               - P2.3 output is open-drain
 126   1               - P2.4 output is open-drain
 127   1               - P2.5 output is open-drain
 128   1               - P2.6 output is open-drain
 129   1               ***********************************************************************/
 130   1              P2MDOUT = P2MDOUT_B0__PUSH_PULL | P2MDOUT_B1__OPEN_DRAIN
 131   1                              | P2MDOUT_B2__OPEN_DRAIN | P2MDOUT_B3__OPEN_DRAIN
 132   1                              | P2MDOUT_B4__OPEN_DRAIN | P2MDOUT_B5__OPEN_DRAIN
 133   1                              | P2MDOUT_B6__OPEN_DRAIN;
 134   1              // [P2MDOUT - Port 2 Output Mode]$
 135   1      
 136   1              // $[P2MDIN - Port 2 Input Mode]
 137   1              // [P2MDIN - Port 2 Input Mode]$
 138   1      
 139   1              // $[P2SKIP - Port 2 Skip]
 140   1              // [P2SKIP - Port 2 Skip]$
 141   1      
 142   1              // $[P2MASK - Port 2 Mask]
 143   1              // [P2MASK - Port 2 Mask]$
 144   1      
 145   1              // $[P2MAT - Port 2 Match]
 146   1              // [P2MAT - Port 2 Match]$
 147   1      
 148   1      }
 149          
 150          //================================================================================
 151          // PBCFG_0_enter_DefaultMode_from_RESET
 152          //================================================================================
 153          extern void PBCFG_0_enter_DefaultMode_from_RESET(void) {
 154   1              // $[XBR2 - Port I/O Crossbar 2]
 155   1              /***********************************************************************
 156   1               - Weak Pullups enabled 
 157   1               - Crossbar enabled
 158   1               - UART1 TX1 RX1 routed to Port pins
 159   1               - UART1 RTS1 unavailable at Port pin
 160   1               - UART1 CTS1 unavailable at Port pin
 161   1               ***********************************************************************/
 162   1              SFRPAGE = 0x00;
 163   1              XBR2 = XBR2_WEAKPUD__PULL_UPS_ENABLED | XBR2_XBARE__ENABLED
 164   1                              | XBR2_URT1E__ENABLED | XBR2_URT1RTSE__DISABLED
 165   1                              | XBR2_URT1CTSE__DISABLED;
 166   1              // [XBR2 - Port I/O Crossbar 2]$
 167   1      
 168   1              // $[PRTDRV - Port Drive Strength]
 169   1              // [PRTDRV - Port Drive Strength]$
 170   1      
 171   1              // $[XBR0 - Port I/O Crossbar 0]
 172   1              // [XBR0 - Port I/O Crossbar 0]$
 173   1      
 174   1              // $[XBR1 - Port I/O Crossbar 1]
 175   1              // [XBR1 - Port I/O Crossbar 1]$
 176   1      
 177   1      }
C51 COMPILER V9.60.0.0   INITDEVICE                                                        11/17/2021 22:31:15 PAGE 4   

 178          
 179          //================================================================================
 180          // UARTE_1_enter_DefaultMode_from_RESET
 181          //================================================================================
 182          extern void UARTE_1_enter_DefaultMode_from_RESET(void) {
 183   1              // $[SBCON1 - UART1 Baud Rate Generator Control]
 184   1              /***********************************************************************
 185   1               - Enable the baud rate generator
 186   1               - Prescaler = 1
 187   1               ***********************************************************************/
 188   1              SFRPAGE = 0x20;
 189   1              SBCON1 = SBCON1_BREN__ENABLED | SBCON1_BPS__DIV_BY_1;
 190   1              // [SBCON1 - UART1 Baud Rate Generator Control]$
 191   1      
 192   1              // $[SMOD1 - UART1 Mode]
 193   1              // [SMOD1 - UART1 Mode]$
 194   1      
 195   1              // $[UART1FCN0 - UART1 FIFO Control 0]
 196   1              // [UART1FCN0 - UART1 FIFO Control 0]$
 197   1      
 198   1              // $[SBRLH1 - UART1 Baud Rate Generator High Byte]
 199   1              /***********************************************************************
 200   1               - UART1 Baud Rate Reload High = 0xFF
 201   1               ***********************************************************************/
 202   1              SBRLH1 = (0xFF << SBRLH1_BRH__SHIFT);
 203   1              // [SBRLH1 - UART1 Baud Rate Generator High Byte]$
 204   1      
 205   1              // $[SBRLL1 - UART1 Baud Rate Generator Low Byte]
 206   1              /***********************************************************************
 207   1               - UART1 Baud Rate Reload Low = 0xF3
 208   1               ***********************************************************************/
 209   1              SBRLL1 = (0xF3 << SBRLL1_BRL__SHIFT);
 210   1              // [SBRLL1 - UART1 Baud Rate Generator Low Byte]$
 211   1      
 212   1              // $[UART1LIN - UART1 LIN Configuration]
 213   1              // [UART1LIN - UART1 LIN Configuration]$
 214   1      
 215   1              // $[SCON1 - UART1 Serial Port Control]
 216   1              // [SCON1 - UART1 Serial Port Control]$
 217   1      
 218   1              // $[UART1FCN1 - UART1 FIFO Control 1]
 219   1              // [UART1FCN1 - UART1 FIFO Control 1]$
 220   1      
 221   1      }
 222          
 223          extern void PORTS_3_enter_DefaultMode_from_RESET(void) {
 224   1              // $[P3 - Port 3 Pin Latch]
 225   1              // [P3 - Port 3 Pin Latch]$
 226   1      
 227   1              // $[P3MDOUT - Port 3 Output Mode]
 228   1              /***********************************************************************
 229   1               - P3.0 output is open-drain
 230   1               - P3.1 output is push-pull
 231   1               - P3.2 output is open-drain
 232   1               - P3.3 output is open-drain
 233   1               - P3.4 output is open-drain
 234   1               - P3.7 output is open-drain
 235   1               ***********************************************************************/
 236   1              SFRPAGE = 0x20;
 237   1              P3MDOUT = P3MDOUT_B0__OPEN_DRAIN | P3MDOUT_B1__PUSH_PULL
 238   1                              | P3MDOUT_B2__OPEN_DRAIN | P3MDOUT_B3__OPEN_DRAIN
 239   1                              | P3MDOUT_B4__OPEN_DRAIN | P3MDOUT_B7__OPEN_DRAIN;
 240   1              // [P3MDOUT - Port 3 Output Mode]$
C51 COMPILER V9.60.0.0   INITDEVICE                                                        11/17/2021 22:31:15 PAGE 5   

 241   1      
 242   1              // $[P3MDIN - Port 3 Input Mode]
 243   1              // [P3MDIN - Port 3 Input Mode]$
 244   1      
 245   1      }
 246          


MODULE INFORMATION:   STATIC OVERLAYABLE
   CODE SIZE        =     67    ----
   CONSTANT SIZE    =   ----    ----
   XDATA SIZE       =   ----    ----
   PDATA SIZE       =   ----    ----
   DATA SIZE        =   ----       1
   IDATA SIZE       =   ----    ----
   BIT SIZE         =   ----    ----
   EDATA SIZE       =   ----    ----
   HDATA SIZE       =   ----    ----
   XDATA CONST SIZE =   ----    ----
   FAR CONST SIZE   =   ----    ----
END OF MODULE INFORMATION.


C51 COMPILATION COMPLETE.  0 WARNING(S),  0 ERROR(S)
