C51 COMPILER V9.60.0.0   UART_TRIAL_MAIN                                                   11/17/2021 22:47:12 PAGE 1   


C51 COMPILER V9.60.0.0, COMPILATION OF MODULE UART_TRIAL_MAIN
OBJECT MODULE PLACED IN .\src\uart_trial_main.OBJ
COMPILER INVOKED BY: c:\SiliconLabs\SimplicityStudio\v4\developer\toolchains\keil_8051\9.60\BIN\C51.exe C:\Users\merge\S
                    -implicityStudio\v4_workspace\uart_trial\src\uart_trial_main.c OMF2 SMALL DEBUG OBJECTEXTEND ROM(LARGE) WARNINGLEVEL(2) F
                    -LOATFUZZY(3) OPTIMIZE(8,SPEED) INTVECTOR(0X0000) INTPROMOTE INCDIR(C:\Users\merge\SimplicityStudio\v4_workspace\uart_tri
                    -al\inc;C:/SiliconLabs/SimplicityStudio/v4/developer/sdks/8051/v4.1.7//Device/shared/si8051Base;C:/SiliconLabs/Simplicity
                    -Studio/v4/developer/sdks/8051/v4.1.7//Device/EFM8BB3/inc) PRINT(.\src\uart_trial_main.lst) COND PAGEWIDTH(120) PAGELENGT
                    -H(65) OBJECT(.\src\uart_trial_main.OBJ)

line level    source

   1          //-----------------------------------------------------------------------------
   2          // Includes
   3          //-----------------------------------------------------------------------------
   4          #include <SI_EFM8BB3_Register_Enums.h>                // SFR declarations
   5          #include "InitDevice.h"
   6          #include <stdint.h>
   7          
   8          //-----------------------------------------------------------------------------
   9          // SiLabs_Startup() Routine
  10          // ----------------------------------------------------------------------------
  11          // This function is called immediately after reset, before the initialization
  12          // code is run in SILABS_STARTUP.A51 (which runs before main() ). This is a
  13          // useful place to disable the watchdog timer, which is enable by default
  14          // and may trigger before main() in some instances.
  15          //-----------------------------------------------------------------------------
  16          void SiLabs_Startup (void)
  17          {
  18   1      
  19   1      }
  20          
  21          //-----------------------------------------------------------------------------
  22          // main() Routine
  23          // ----------------------------------------------------------------------------
  24          // Note: the software watchdog timer is not disabled by default in this
  25          // example, so a long-running program will reset periodically unless
  26          // the timer is disabled or your program periodically writes to it.
  27          //
  28          // Review the "Watchdog Timer" section under the part family's datasheet
  29          // for details. To find the datasheet, select your part in the
  30          // Simplicity Launcher and click on "Data Sheet".
  31          //-----------------------------------------------------------------------------
  32          int main (void)
  33          {
  34   1              enter_DefaultMode_from_RESET();
  35   1      
  36   1              while (1) {
  37   2                      SBUF1 = 0;
  38   2                      SCON1_TI = 1;
  39   2      
  40   2              }                             // Spin forever
  41   1      }


MODULE INFORMATION:   STATIC OVERLAYABLE
   CODE SIZE        =     11    ----
   CONSTANT SIZE    =   ----    ----
   XDATA SIZE       =   ----    ----
   PDATA SIZE       =   ----    ----
   DATA SIZE        =   ----    ----
   IDATA SIZE       =   ----    ----
   BIT SIZE         =   ----    ----
C51 COMPILER V9.60.0.0   UART_TRIAL_MAIN                                                   11/17/2021 22:47:12 PAGE 2   

   EDATA SIZE       =   ----    ----
   HDATA SIZE       =   ----    ----
   XDATA CONST SIZE =   ----    ----
   FAR CONST SIZE   =   ----    ----
END OF MODULE INFORMATION.


C51 COMPILATION COMPLETE.  0 WARNING(S),  0 ERROR(S)
